\BOOKMARK [1][-]{section*.2}{Objectifs}{}% 1
\BOOKMARK [2][-]{section*.3}{Description du Sokoban}{section*.2}% 2
\BOOKMARK [2][-]{section*.4}{Les fonctionnalit\351s attendues}{section*.2}% 3
\BOOKMARK [1][-]{section.1}{Fonctionnalit\351s impl\351ment\351es}{}% 4
\BOOKMARK [2][-]{subsection.1.1}{Description des fonctionnalit\351s}{section.1}% 5
\BOOKMARK [3][-]{section*.5}{Attendues}{subsection.1.1}% 6
\BOOKMARK [3][-]{section*.6}{Ajout\351es}{subsection.1.1}% 7
\BOOKMARK [2][-]{subsection.1.2}{Organisation du projet}{section.1}% 8
\BOOKMARK [1][-]{section.2}{\311l\351ments techniques}{}% 9
\BOOKMARK [2][-]{subsection.2.1}{Gestion des deadlocks}{section.2}% 10
\BOOKMARK [2][-]{subsection.2.2}{Structures de donn\351es utilis\351es}{section.2}% 11
\BOOKMARK [2][-]{subsection.2.3}{Algorithmes de l'IA}{section.2}% 12
\BOOKMARK [1][-]{section.3}{Architecture du projet}{}% 13
\BOOKMARK [2][-]{subsection.3.1}{Organisation des packages}{section.3}% 14
\BOOKMARK [2][-]{subsection.3.2}{Organisation des classes}{section.3}% 15
\BOOKMARK [3][-]{subsubsection.3.2.1}{Package sokoban}{subsection.3.2}% 16
\BOOKMARK [3][-]{subsubsection.3.2.2}{Package graphique}{subsection.3.2}% 17
\BOOKMARK [3][-]{subsubsection.3.2.3}{Package ia}{subsection.3.2}% 18
\BOOKMARK [1][-]{section.4}{Exp\351rimentations et usages}{}% 19
\BOOKMARK [2][-]{subsection.4.1}{Performance du solveur}{section.4}% 20
\BOOKMARK [1][-]{section*.7}{Conclusion}{}% 21
